<?xml version="1.0" encoding="UTF-8"?>
<testng-results ignored="0" total="1" passed="1" failed="0" skipped="0">
  <reporter-output>
  </reporter-output>
  <suite started-at="2023-03-13T17:07:45Z" name="Default suite" finished-at="2023-03-13T17:08:03Z" duration-ms="18362">
    <groups>
    </groups>
    <test started-at="2023-03-13T17:07:45Z" name="Default test" finished-at="2023-03-13T17:08:03Z" duration-ms="18362">
      <class name="Tests.Third_Country_Test">
        <test-method is-config="true" signature="startDriver()[pri:0, instance:Tests.Third_Country_Test@235ecd9f]" started-at="2023-03-13T17:07:36Z" name="startDriver" finished-at="2023-03-13T17:07:45Z" duration-ms="8895" status="PASS">
          <reporter-output>
          </reporter-output>
        </test-method> <!-- startDriver -->
        <test-method signature="UserCanChangeTheCountry()[pri:0, instance:Tests.Third_Country_Test@235ecd9f]" started-at="2023-03-13T17:07:45Z" name="UserCanChangeTheCountry" finished-at="2023-03-13T17:08:03Z" duration-ms="18303" status="PASS">
          <reporter-output>
          </reporter-output>
        </test-method> <!-- UserCanChangeTheCountry -->
        <test-method is-config="true" signature="stopdriver()[pri:0, instance:Tests.Third_Country_Test@235ecd9f]" started-at="2023-03-13T17:08:03Z" name="stopdriver" finished-at="2023-03-13T17:08:03Z" duration-ms="0" status="PASS">
          <reporter-output>
          </reporter-output>
        </test-method> <!-- stopdriver -->
      </class> <!-- Tests.Third_Country_Test -->
    </test> <!-- Default test -->
  </suite> <!-- Default suite -->
</testng-results>
